<?xml version="1.0" encoding="UTF-8"?>
<!-- Generated by org.testng.reporters.JUnitReportReporter -->
<testsuite skipped="0" hostname="EPBYMINW3264" name="tests.VerifyProductIsAddedToCard" tests="1" failures="0" timestamp="17 May 2020 11:57:03 GMT" time="10.016" errors="0">
  <testcase name="testAdditionProductToCard" time="10.016" classname="tests.VerifyProductIsAddedToCard"/>
</testsuite> <!-- tests.VerifyProductIsAddedToCard -->
