<?xml version="1.0" encoding="UTF-8"?>
<!-- Generated by org.testng.reporters.JUnitReportReporter -->
<testsuite skipped="0" hostname="EPBYMINW3264" name="tests.VerifyProductsCatalogOptions" tests="1" failures="0" timestamp="17 May 2020 11:57:03 GMT" time="22.213" errors="0">
  <testcase name="testChooseProductFromCatalog" time="22.213" classname="tests.VerifyProductsCatalogOptions"/>
</testsuite> <!-- tests.VerifyProductsCatalogOptions -->
