<?xml version="1.0" encoding="UTF-8"?>
<!-- Generated by org.testng.reporters.JUnitReportReporter -->
<testsuite skipped="0" hostname="EPBYMINW3264" name="tests.VerifyHeaderButtonsAreClickable" tests="9" failures="0" timestamp="17 May 2020 11:57:03 GMT" time="26.762" errors="0">
  <testcase name="testBookmarksPageIsDisplayed" time="2.313" classname="tests.VerifyHeaderButtonsAreClickable"/>
  <testcase name="testComparasionListPageIsDisplayed" time="2.241" classname="tests.VerifyHeaderButtonsAreClickable"/>
  <testcase name="testPaymentPageIsDisplayed" time="2.151" classname="tests.VerifyHeaderButtonsAreClickable"/>
  <testcase name="testDiscountSystemPageIsDisplayed" time="2.847" classname="tests.VerifyHeaderButtonsAreClickable"/>
  <testcase name="testBasketPageIsDisplayed" time="9.000" classname="tests.VerifyHeaderButtonsAreClickable"/>
  <testcase name="testWishListPageIsDisplayed" time="2.304" classname="tests.VerifyHeaderButtonsAreClickable"/>
  <testcase name="testWarrantyPageIsDisplayed" time="2.106" classname="tests.VerifyHeaderButtonsAreClickable"/>
  <testcase name="testLoginWindowIsDisplayed" time="1.408" classname="tests.VerifyHeaderButtonsAreClickable"/>
  <testcase name="testDeliveryPageIsDisplayed" time="2.392" classname="tests.VerifyHeaderButtonsAreClickable"/>
</testsuite> <!-- tests.VerifyHeaderButtonsAreClickable -->
